{"/home/azraelgarden/Projects/maju-mentoria/projetos/algoritmo-unit-test/exercises/ex-1.js": {"path":"/home/azraelgarden/Projects/maju-mentoria/projetos/algoritmo-unit-test/exercises/ex-1.js","statementMap":{"0":{"start":{"line":3,"column":1},"end":{"line":18,"column":2}},"1":{"start":{"line":9,"column":10},"end":{"line":9,"column":30}},"2":{"start":{"line":10,"column":10},"end":{"line":10,"column":30}},"3":{"start":{"line":12,"column":17},"end":{"line":12,"column":33}},"4":{"start":{"line":13,"column":2},"end":{"line":13,"column":45}},"5":{"start":{"line":14,"column":2},"end":{"line":14,"column":18}},"6":{"start":{"line":16,"column":2},"end":{"line":16,"column":52}},"7":{"start":{"line":17,"column":2},"end":{"line":17,"column":13}},"8":{"start":{"line":21,"column":0},"end":{"line":21,"column":30}},"9":{"start":{"line":23,"column":0},"end":{"line":23,"column":37}}},"fnMap":{"0":{"name":"distanceBetween","decl":{"start":{"line":2,"column":9},"end":{"line":2,"column":24}},"loc":{"start":{"line":2,"column":41},"end":{"line":19,"column":1}},"line":2}},"branchMap":{"0":{"loc":{"start":{"line":3,"column":1},"end":{"line":18,"column":2}},"type":"if","locations":[{"start":{"line":3,"column":1},"end":{"line":18,"column":2}},{"start":{"line":15,"column":8},"end":{"line":18,"column":2}}],"line":3},"1":{"loc":{"start":{"line":4,"column":2},"end":{"line":7,"column":23}},"type":"binary-expr","locations":[{"start":{"line":4,"column":2},"end":{"line":4,"column":23}},{"start":{"line":5,"column":2},"end":{"line":5,"column":23}},{"start":{"line":6,"column":2},"end":{"line":6,"column":23}},{"start":{"line":7,"column":2},"end":{"line":7,"column":23}}],"line":4}},"s":{"0":4,"1":2,"2":2,"3":2,"4":2,"5":2,"6":2,"7":2,"8":1,"9":1},"f":{"0":4},"b":{"0":[2,2],"1":[4,3,2,2]},"_coverageSchema":"1a1c01bbd47fc00a2c39e90264f33305004495a9","hash":"821b5c6006ca814f7430cd1f0c06a5ef8a1d746e"}
,"/home/azraelgarden/Projects/maju-mentoria/projetos/algoritmo-unit-test/exercises/ex-10.js": {"path":"/home/azraelgarden/Projects/maju-mentoria/projetos/algoritmo-unit-test/exercises/ex-10.js","statementMap":{"0":{"start":{"line":3,"column":1},"end":{"line":9,"column":2}},"1":{"start":{"line":4,"column":15},"end":{"line":4,"column":32}},"2":{"start":{"line":5,"column":2},"end":{"line":5,"column":44}},"3":{"start":{"line":6,"column":2},"end":{"line":6,"column":16}},"4":{"start":{"line":8,"column":2},"end":{"line":8,"column":46}},"5":{"start":{"line":11,"column":0},"end":{"line":11,"column":28}},"6":{"start":{"line":13,"column":0},"end":{"line":13,"column":38}}},"fnMap":{"0":{"name":"findBiggerNumber","decl":{"start":{"line":2,"column":9},"end":{"line":2,"column":25}},"loc":{"start":{"line":2,"column":35},"end":{"line":10,"column":1}},"line":2}},"branchMap":{"0":{"loc":{"start":{"line":3,"column":1},"end":{"line":9,"column":2}},"type":"if","locations":[{"start":{"line":3,"column":1},"end":{"line":9,"column":2}},{"start":{"line":7,"column":8},"end":{"line":9,"column":2}}],"line":3},"1":{"loc":{"start":{"line":3,"column":5},"end":{"line":3,"column":73}},"type":"binary-expr","locations":[{"start":{"line":3,"column":5},"end":{"line":3,"column":25}},{"start":{"line":3,"column":29},"end":{"line":3,"column":49}},{"start":{"line":3,"column":53},"end":{"line":3,"column":73}}],"line":3}},"s":{"0":3,"1":2,"2":2,"3":2,"4":1,"5":1,"6":1},"f":{"0":3},"b":{"0":[2,1],"1":[3,2,2]},"_coverageSchema":"1a1c01bbd47fc00a2c39e90264f33305004495a9","hash":"0d8611beef471c1d05ec5dbdc3a84f37fb9c6c63"}
,"/home/azraelgarden/Projects/maju-mentoria/projetos/algoritmo-unit-test/exercises/ex-2.js": {"path":"/home/azraelgarden/Projects/maju-mentoria/projetos/algoritmo-unit-test/exercises/ex-2.js","statementMap":{"0":{"start":{"line":3,"column":1},"end":{"line":16,"column":2}},"1":{"start":{"line":8,"column":10},"end":{"line":8,"column":28}},"2":{"start":{"line":9,"column":10},"end":{"line":9,"column":28}},"3":{"start":{"line":10,"column":10},"end":{"line":10,"column":21}},"4":{"start":{"line":11,"column":2},"end":{"line":11,"column":38}},"5":{"start":{"line":12,"column":2},"end":{"line":12,"column":11}},"6":{"start":{"line":14,"column":2},"end":{"line":14,"column":65}},"7":{"start":{"line":15,"column":2},"end":{"line":15,"column":59}},"8":{"start":{"line":19,"column":0},"end":{"line":19,"column":20}},"9":{"start":{"line":22,"column":17},"end":{"line":22,"column":19}},"10":{"start":{"line":23,"column":1},"end":{"line":31,"column":2}},"11":{"start":{"line":28,"column":2},"end":{"line":28,"column":20}},"12":{"start":{"line":30,"column":2},"end":{"line":30,"column":19}},"13":{"start":{"line":32,"column":1},"end":{"line":32,"column":18}},"14":{"start":{"line":35,"column":0},"end":{"line":35,"column":54}}},"fnMap":{"0":{"name":"calculateD","decl":{"start":{"line":2,"column":9},"end":{"line":2,"column":19}},"loc":{"start":{"line":2,"column":29},"end":{"line":17,"column":1}},"line":2},"1":{"name":"isIntegerAndPositive","decl":{"start":{"line":21,"column":9},"end":{"line":21,"column":29}},"loc":{"start":{"line":21,"column":33},"end":{"line":33,"column":1}},"line":21}},"branchMap":{"0":{"loc":{"start":{"line":3,"column":1},"end":{"line":16,"column":2}},"type":"if","locations":[{"start":{"line":3,"column":1},"end":{"line":16,"column":2}},{"start":{"line":13,"column":8},"end":{"line":16,"column":2}}],"line":3},"1":{"loc":{"start":{"line":4,"column":2},"end":{"line":6,"column":25}},"type":"binary-expr","locations":[{"start":{"line":4,"column":2},"end":{"line":4,"column":25}},{"start":{"line":5,"column":2},"end":{"line":5,"column":25}},{"start":{"line":6,"column":2},"end":{"line":6,"column":25}}],"line":4},"2":{"loc":{"start":{"line":23,"column":1},"end":{"line":31,"column":2}},"type":"if","locations":[{"start":{"line":23,"column":1},"end":{"line":31,"column":2}},{"start":{"line":29,"column":8},"end":{"line":31,"column":2}}],"line":23},"3":{"loc":{"start":{"line":24,"column":2},"end":{"line":26,"column":20}},"type":"binary-expr","locations":[{"start":{"line":24,"column":2},"end":{"line":24,"column":30}},{"start":{"line":25,"column":2},"end":{"line":25,"column":20}},{"start":{"line":26,"column":2},"end":{"line":26,"column":20}}],"line":24}},"s":{"0":3,"1":2,"2":2,"3":2,"4":2,"5":2,"6":1,"7":1,"8":1,"9":11,"10":11,"11":3,"12":8,"13":11,"14":1},"f":{"0":3,"1":11},"b":{"0":[2,1],"1":[3,3,2],"2":[3,8],"3":[11,9,8]},"_coverageSchema":"1a1c01bbd47fc00a2c39e90264f33305004495a9","hash":"fa7b205213fa06e79eb264e1537b78cdb92352f0"}
,"/home/azraelgarden/Projects/maju-mentoria/projetos/algoritmo-unit-test/exercises/ex-3.js": {"path":"/home/azraelgarden/Projects/maju-mentoria/projetos/algoritmo-unit-test/exercises/ex-3.js","statementMap":{"0":{"start":{"line":3,"column":1},"end":{"line":13,"column":2}},"1":{"start":{"line":8,"column":12},"end":{"line":8,"column":42}},"2":{"start":{"line":9,"column":2},"end":{"line":9,"column":41}},"3":{"start":{"line":10,"column":2},"end":{"line":10,"column":13}},"4":{"start":{"line":12,"column":2},"end":{"line":12,"column":46}},"5":{"start":{"line":16,"column":0},"end":{"line":16,"column":21}},"6":{"start":{"line":18,"column":0},"end":{"line":18,"column":31}}},"fnMap":{"0":{"name":"ageInDays","decl":{"start":{"line":2,"column":9},"end":{"line":2,"column":18}},"loc":{"start":{"line":2,"column":38},"end":{"line":14,"column":1}},"line":2}},"branchMap":{"0":{"loc":{"start":{"line":3,"column":1},"end":{"line":13,"column":2}},"type":"if","locations":[{"start":{"line":3,"column":1},"end":{"line":13,"column":2}},{"start":{"line":11,"column":8},"end":{"line":13,"column":2}}],"line":3},"1":{"loc":{"start":{"line":4,"column":2},"end":{"line":6,"column":25}},"type":"binary-expr","locations":[{"start":{"line":4,"column":2},"end":{"line":4,"column":25}},{"start":{"line":5,"column":2},"end":{"line":5,"column":26}},{"start":{"line":6,"column":2},"end":{"line":6,"column":25}}],"line":4}},"s":{"0":3,"1":2,"2":2,"3":2,"4":1,"5":1,"6":1},"f":{"0":3},"b":{"0":[2,1],"1":[3,3,2]},"_coverageSchema":"1a1c01bbd47fc00a2c39e90264f33305004495a9","hash":"3bbf689fd8f92e5436432159c570023cd2de62f7"}
,"/home/azraelgarden/Projects/maju-mentoria/projetos/algoritmo-unit-test/exercises/ex-4.js": {"path":"/home/azraelgarden/Projects/maju-mentoria/projetos/algoritmo-unit-test/exercises/ex-4.js","statementMap":{"0":{"start":{"line":3,"column":1},"end":{"line":11,"column":2}},"1":{"start":{"line":4,"column":14},"end":{"line":4,"column":36}},"2":{"start":{"line":5,"column":15},"end":{"line":5,"column":44}},"3":{"start":{"line":6,"column":16},"end":{"line":6,"column":33}},"4":{"start":{"line":7,"column":2},"end":{"line":7,"column":78}},"5":{"start":{"line":8,"column":2},"end":{"line":8,"column":72}},"6":{"start":{"line":10,"column":2},"end":{"line":10,"column":46}},"7":{"start":{"line":14,"column":0},"end":{"line":14,"column":27}},"8":{"start":{"line":16,"column":0},"end":{"line":16,"column":42}}},"fnMap":{"0":{"name":"ageInDaysMonthsYears","decl":{"start":{"line":2,"column":9},"end":{"line":2,"column":29}},"loc":{"start":{"line":2,"column":36},"end":{"line":12,"column":1}},"line":2}},"branchMap":{"0":{"loc":{"start":{"line":3,"column":1},"end":{"line":11,"column":2}},"type":"if","locations":[{"start":{"line":3,"column":1},"end":{"line":11,"column":2}},{"start":{"line":9,"column":8},"end":{"line":11,"column":2}}],"line":3}},"s":{"0":3,"1":2,"2":2,"3":2,"4":2,"5":2,"6":1,"7":1,"8":1},"f":{"0":3},"b":{"0":[2,1]},"_coverageSchema":"1a1c01bbd47fc00a2c39e90264f33305004495a9","hash":"7eb04836a2658730235f116122f95d5d72e82ac8"}
,"/home/azraelgarden/Projects/maju-mentoria/projetos/algoritmo-unit-test/exercises/ex-5.js": {"path":"/home/azraelgarden/Projects/maju-mentoria/projetos/algoritmo-unit-test/exercises/ex-5.js","statementMap":{"0":{"start":{"line":4,"column":1},"end":{"line":17,"column":2}},"1":{"start":{"line":9,"column":10},"end":{"line":9,"column":20}},"2":{"start":{"line":10,"column":10},"end":{"line":10,"column":20}},"3":{"start":{"line":11,"column":10},"end":{"line":11,"column":20}},"4":{"start":{"line":12,"column":19},"end":{"line":12,"column":47}},"5":{"start":{"line":13,"column":2},"end":{"line":13,"column":57}},"6":{"start":{"line":14,"column":2},"end":{"line":14,"column":20}},"7":{"start":{"line":16,"column":2},"end":{"line":16,"column":46}},"8":{"start":{"line":20,"column":0},"end":{"line":20,"column":25}},"9":{"start":{"line":22,"column":0},"end":{"line":22,"column":32}}},"fnMap":{"0":{"name":"finalGrade","decl":{"start":{"line":3,"column":9},"end":{"line":3,"column":19}},"loc":{"start":{"line":3,"column":44},"end":{"line":18,"column":1}},"line":3}},"branchMap":{"0":{"loc":{"start":{"line":4,"column":1},"end":{"line":17,"column":2}},"type":"if","locations":[{"start":{"line":4,"column":1},"end":{"line":17,"column":2}},{"start":{"line":15,"column":8},"end":{"line":17,"column":2}}],"line":4},"1":{"loc":{"start":{"line":5,"column":2},"end":{"line":7,"column":27}},"type":"binary-expr","locations":[{"start":{"line":5,"column":2},"end":{"line":5,"column":27}},{"start":{"line":6,"column":2},"end":{"line":6,"column":27}},{"start":{"line":7,"column":2},"end":{"line":7,"column":27}}],"line":5}},"s":{"0":3,"1":1,"2":1,"3":1,"4":1,"5":1,"6":1,"7":2,"8":1,"9":1},"f":{"0":3},"b":{"0":[1,2],"1":[3,2,1]},"_coverageSchema":"1a1c01bbd47fc00a2c39e90264f33305004495a9","hash":"1de4397eb12e0ad03ce47114fdb05e486fa59750"}
,"/home/azraelgarden/Projects/maju-mentoria/projetos/algoritmo-unit-test/exercises/ex-6.js": {"path":"/home/azraelgarden/Projects/maju-mentoria/projetos/algoritmo-unit-test/exercises/ex-6.js","statementMap":{"0":{"start":{"line":3,"column":1},"end":{"line":14,"column":2}},"1":{"start":{"line":4,"column":14},"end":{"line":4,"column":40}},"2":{"start":{"line":5,"column":16},"end":{"line":5,"column":49}},"3":{"start":{"line":6,"column":19},"end":{"line":6,"column":43}},"4":{"start":{"line":8,"column":2},"end":{"line":10,"column":4}},"5":{"start":{"line":11,"column":2},"end":{"line":11,"column":97}},"6":{"start":{"line":13,"column":2},"end":{"line":13,"column":46}},"7":{"start":{"line":17,"column":0},"end":{"line":17,"column":20}},"8":{"start":{"line":18,"column":0},"end":{"line":18,"column":35}}},"fnMap":{"0":{"name":"eventDuration","decl":{"start":{"line":2,"column":9},"end":{"line":2,"column":22}},"loc":{"start":{"line":2,"column":32},"end":{"line":15,"column":1}},"line":2}},"branchMap":{"0":{"loc":{"start":{"line":3,"column":1},"end":{"line":14,"column":2}},"type":"if","locations":[{"start":{"line":3,"column":1},"end":{"line":14,"column":2}},{"start":{"line":12,"column":8},"end":{"line":14,"column":2}}],"line":3}},"s":{"0":3,"1":2,"2":2,"3":2,"4":2,"5":2,"6":1,"7":1,"8":1},"f":{"0":3},"b":{"0":[2,1]},"_coverageSchema":"1a1c01bbd47fc00a2c39e90264f33305004495a9","hash":"28f019a85a5bdf1992366d078bd13632e87acdaf"}
,"/home/azraelgarden/Projects/maju-mentoria/projetos/algoritmo-unit-test/exercises/ex-7.js": {"path":"/home/azraelgarden/Projects/maju-mentoria/projetos/algoritmo-unit-test/exercises/ex-7.js","statementMap":{"0":{"start":{"line":6,"column":1},"end":{"line":24,"column":2}},"1":{"start":{"line":7,"column":20},"end":{"line":7,"column":24}},"2":{"start":{"line":8,"column":12},"end":{"line":8,"column":16}},"3":{"start":{"line":9,"column":17},"end":{"line":9,"column":34}},"4":{"start":{"line":10,"column":25},"end":{"line":10,"column":47}},"5":{"start":{"line":11,"column":26},"end":{"line":11,"column":53}},"6":{"start":{"line":13,"column":13},"end":{"line":13,"column":44}},"7":{"start":{"line":14,"column":18},"end":{"line":17,"column":4}},"8":{"start":{"line":19,"column":2},"end":{"line":19,"column":62}},"9":{"start":{"line":21,"column":2},"end":{"line":21,"column":14}},"10":{"start":{"line":23,"column":2},"end":{"line":23,"column":46}},"11":{"start":{"line":27,"column":0},"end":{"line":27,"column":15}},"12":{"start":{"line":28,"column":0},"end":{"line":28,"column":29}}},"fnMap":{"0":{"name":"carCost","decl":{"start":{"line":5,"column":9},"end":{"line":5,"column":16}},"loc":{"start":{"line":5,"column":30},"end":{"line":25,"column":1}},"line":5}},"branchMap":{"0":{"loc":{"start":{"line":6,"column":1},"end":{"line":24,"column":2}},"type":"if","locations":[{"start":{"line":6,"column":1},"end":{"line":24,"column":2}},{"start":{"line":22,"column":8},"end":{"line":24,"column":2}}],"line":6}},"s":{"0":3,"1":2,"2":2,"3":2,"4":2,"5":2,"6":2,"7":2,"8":2,"9":2,"10":1,"11":1,"12":1},"f":{"0":3},"b":{"0":[2,1]},"_coverageSchema":"1a1c01bbd47fc00a2c39e90264f33305004495a9","hash":"50d363efd7c28e37e2fd7a0e48bac520fb6c2cd3"}
,"/home/azraelgarden/Projects/maju-mentoria/projetos/algoritmo-unit-test/exercises/ex-8.js": {"path":"/home/azraelgarden/Projects/maju-mentoria/projetos/algoritmo-unit-test/exercises/ex-8.js","statementMap":{"0":{"start":{"line":4,"column":1},"end":{"line":20,"column":2}},"1":{"start":{"line":12,"column":10},"end":{"line":12,"column":43}},"2":{"start":{"line":13,"column":10},"end":{"line":13,"column":43}},"3":{"start":{"line":15,"column":2},"end":{"line":15,"column":52}},"4":{"start":{"line":17,"column":2},"end":{"line":17,"column":22}},"5":{"start":{"line":19,"column":2},"end":{"line":19,"column":46}},"6":{"start":{"line":23,"column":0},"end":{"line":23,"column":28}},"7":{"start":{"line":25,"column":0},"end":{"line":25,"column":31}}},"fnMap":{"0":{"name":"calculate","decl":{"start":{"line":3,"column":9},"end":{"line":3,"column":18}},"loc":{"start":{"line":3,"column":37},"end":{"line":21,"column":1}},"line":3}},"branchMap":{"0":{"loc":{"start":{"line":4,"column":1},"end":{"line":20,"column":2}},"type":"if","locations":[{"start":{"line":4,"column":1},"end":{"line":20,"column":2}},{"start":{"line":18,"column":8},"end":{"line":20,"column":2}}],"line":4},"1":{"loc":{"start":{"line":5,"column":2},"end":{"line":10,"column":22}},"type":"binary-expr","locations":[{"start":{"line":5,"column":2},"end":{"line":5,"column":22}},{"start":{"line":6,"column":2},"end":{"line":6,"column":22}},{"start":{"line":7,"column":2},"end":{"line":7,"column":22}},{"start":{"line":8,"column":2},"end":{"line":8,"column":22}},{"start":{"line":9,"column":2},"end":{"line":9,"column":22}},{"start":{"line":10,"column":2},"end":{"line":10,"column":22}}],"line":5}},"s":{"0":3,"1":2,"2":2,"3":2,"4":2,"5":1,"6":1,"7":1},"f":{"0":3},"b":{"0":[2,1],"1":[3,2,2,2,2,2]},"_coverageSchema":"1a1c01bbd47fc00a2c39e90264f33305004495a9","hash":"3b8e022222832e44f94f1002cb05fd5c3816e99b"}
,"/home/azraelgarden/Projects/maju-mentoria/projetos/algoritmo-unit-test/exercises/ex-9.js": {"path":"/home/azraelgarden/Projects/maju-mentoria/projetos/algoritmo-unit-test/exercises/ex-9.js","statementMap":{"0":{"start":{"line":4,"column":1},"end":{"line":21,"column":2}},"1":{"start":{"line":9,"column":14},"end":{"line":9,"column":44}},"2":{"start":{"line":10,"column":19},"end":{"line":10,"column":47}},"3":{"start":{"line":12,"column":2},"end":{"line":18,"column":3}},"4":{"start":{"line":13,"column":3},"end":{"line":13,"column":65}},"5":{"start":{"line":14,"column":3},"end":{"line":14,"column":36}},"6":{"start":{"line":16,"column":3},"end":{"line":16,"column":66}},"7":{"start":{"line":17,"column":3},"end":{"line":17,"column":34}},"8":{"start":{"line":20,"column":2},"end":{"line":20,"column":46}},"9":{"start":{"line":24,"column":0},"end":{"line":24,"column":26}},"10":{"start":{"line":25,"column":0},"end":{"line":25,"column":28}},"11":{"start":{"line":27,"column":0},"end":{"line":27,"column":38}}},"fnMap":{"0":{"name":"gradeAndApproval","decl":{"start":{"line":3,"column":9},"end":{"line":3,"column":25}},"loc":{"start":{"line":3,"column":50},"end":{"line":22,"column":1}},"line":3}},"branchMap":{"0":{"loc":{"start":{"line":4,"column":1},"end":{"line":21,"column":2}},"type":"if","locations":[{"start":{"line":4,"column":1},"end":{"line":21,"column":2}},{"start":{"line":19,"column":8},"end":{"line":21,"column":2}}],"line":4},"1":{"loc":{"start":{"line":5,"column":2},"end":{"line":7,"column":27}},"type":"binary-expr","locations":[{"start":{"line":5,"column":2},"end":{"line":5,"column":27}},{"start":{"line":6,"column":2},"end":{"line":6,"column":27}},{"start":{"line":7,"column":2},"end":{"line":7,"column":27}}],"line":5},"2":{"loc":{"start":{"line":12,"column":2},"end":{"line":18,"column":3}},"type":"if","locations":[{"start":{"line":12,"column":2},"end":{"line":18,"column":3}},{"start":{"line":15,"column":9},"end":{"line":18,"column":3}}],"line":12}},"s":{"0":5,"1":4,"2":4,"3":4,"4":2,"5":2,"6":2,"7":2,"8":1,"9":1,"10":1,"11":1},"f":{"0":5},"b":{"0":[4,1],"1":[5,4,4],"2":[2,2]},"_coverageSchema":"1a1c01bbd47fc00a2c39e90264f33305004495a9","hash":"40a03cf04fbb1863662ff7ead1aaf79b921b02f5"}
}
