TN:
SF:exercises/ex-1.js
FN:2,distanceBetween
FNF:1
FNH:1
FNDA:4,distanceBetween
DA:3,4
DA:9,2
DA:10,2
DA:12,2
DA:13,2
DA:14,2
DA:16,2
DA:17,2
DA:21,1
DA:23,1
LF:10
LH:10
BRDA:3,0,0,2
BRDA:3,0,1,2
BRDA:4,1,0,4
BRDA:4,1,1,3
BRDA:4,1,2,2
BRDA:4,1,3,2
BRF:6
BRH:6
end_of_record
TN:
SF:exercises/ex-10.js
FN:2,findBiggerNumber
FNF:1
FNH:1
FNDA:3,findBiggerNumber
DA:3,3
DA:4,2
DA:5,2
DA:6,2
DA:8,1
DA:11,1
DA:13,1
LF:7
LH:7
BRDA:3,0,0,2
BRDA:3,0,1,1
BRDA:3,1,0,3
BRDA:3,1,1,2
BRDA:3,1,2,2
BRF:5
BRH:5
end_of_record
TN:
SF:exercises/ex-2.js
FN:2,calculateD
FN:21,isIntegerAndPositive
FNF:2
FNH:2
FNDA:3,calculateD
FNDA:11,isIntegerAndPositive
DA:3,3
DA:8,2
DA:9,2
DA:10,2
DA:11,2
DA:12,2
DA:14,1
DA:15,1
DA:19,1
DA:22,11
DA:23,11
DA:28,3
DA:30,8
DA:32,11
DA:35,1
LF:15
LH:15
BRDA:3,0,0,2
BRDA:3,0,1,1
BRDA:4,1,0,3
BRDA:4,1,1,3
BRDA:4,1,2,2
BRDA:23,2,0,3
BRDA:23,2,1,8
BRDA:24,3,0,11
BRDA:24,3,1,9
BRDA:24,3,2,8
BRF:10
BRH:10
end_of_record
TN:
SF:exercises/ex-3.js
FN:2,ageInDays
FNF:1
FNH:1
FNDA:3,ageInDays
DA:3,3
DA:8,2
DA:9,2
DA:10,2
DA:12,1
DA:16,1
DA:18,1
LF:7
LH:7
BRDA:3,0,0,2
BRDA:3,0,1,1
BRDA:4,1,0,3
BRDA:4,1,1,3
BRDA:4,1,2,2
BRF:5
BRH:5
end_of_record
TN:
SF:exercises/ex-4.js
FN:2,ageInDaysMonthsYears
FNF:1
FNH:1
FNDA:3,ageInDaysMonthsYears
DA:3,3
DA:4,2
DA:5,2
DA:6,2
DA:7,2
DA:8,2
DA:10,1
DA:14,1
DA:16,1
LF:9
LH:9
BRDA:3,0,0,2
BRDA:3,0,1,1
BRF:2
BRH:2
end_of_record
TN:
SF:exercises/ex-5.js
FN:3,finalGrade
FNF:1
FNH:1
FNDA:3,finalGrade
DA:4,3
DA:9,1
DA:10,1
DA:11,1
DA:12,1
DA:13,1
DA:14,1
DA:16,2
DA:20,1
DA:22,1
LF:10
LH:10
BRDA:4,0,0,1
BRDA:4,0,1,2
BRDA:5,1,0,3
BRDA:5,1,1,2
BRDA:5,1,2,1
BRF:5
BRH:5
end_of_record
TN:
SF:exercises/ex-6.js
FN:2,eventDuration
FNF:1
FNH:1
FNDA:3,eventDuration
DA:3,3
DA:4,2
DA:5,2
DA:6,2
DA:8,2
DA:11,2
DA:13,1
DA:17,1
DA:18,1
LF:9
LH:9
BRDA:3,0,0,2
BRDA:3,0,1,1
BRF:2
BRH:2
end_of_record
TN:
SF:exercises/ex-7.js
FN:5,carCost
FNF:1
FNH:1
FNDA:3,carCost
DA:6,3
DA:7,2
DA:8,2
DA:9,2
DA:10,2
DA:11,2
DA:13,2
DA:14,2
DA:19,2
DA:21,2
DA:23,1
DA:27,1
DA:28,1
LF:13
LH:13
BRDA:6,0,0,2
BRDA:6,0,1,1
BRF:2
BRH:2
end_of_record
TN:
SF:exercises/ex-8.js
FN:3,calculate
FNF:1
FNH:1
FNDA:3,calculate
DA:4,3
DA:12,2
DA:13,2
DA:15,2
DA:17,2
DA:19,1
DA:23,1
DA:25,1
LF:8
LH:8
BRDA:4,0,0,2
BRDA:4,0,1,1
BRDA:5,1,0,3
BRDA:5,1,1,2
BRDA:5,1,2,2
BRDA:5,1,3,2
BRDA:5,1,4,2
BRDA:5,1,5,2
BRF:8
BRH:8
end_of_record
TN:
SF:exercises/ex-9.js
FN:3,gradeAndApproval
FNF:1
FNH:1
FNDA:5,gradeAndApproval
DA:4,5
DA:9,4
DA:10,4
DA:12,4
DA:13,2
DA:14,2
DA:16,2
DA:17,2
DA:20,1
DA:24,1
DA:25,1
DA:27,1
LF:12
LH:12
BRDA:4,0,0,4
BRDA:4,0,1,1
BRDA:5,1,0,5
BRDA:5,1,1,4
BRDA:5,1,2,4
BRDA:12,2,0,2
BRDA:12,2,1,2
BRF:7
BRH:7
end_of_record
